<?xml version="1.0" encoding="UTF-8"?>
<testng-results ignored="0" total="1" passed="1" failed="0" skipped="0">
  <reporter-output>
  </reporter-output>
  <suite started-at="2021-10-11T12:07:24 IST" name="com.JenkinsSample" finished-at="2021-10-11T12:07:34 IST" duration-ms="9659">
    <groups>
    </groups>
    <test started-at="2021-10-11T12:07:24 IST" name="Command line test" finished-at="2021-10-11T12:07:34 IST" duration-ms="9659">
      <class name="com.JenkinsSample">
        <test-method signature="executeLillPulitzerTest()[pri:0, instance:com.JenkinsSample@1fc2b765]" started-at="2021-10-11T12:07:24 IST" name="executeLillPulitzerTest" finished-at="2021-10-11T12:07:34 IST" duration-ms="9635" status="PASS">
          <reporter-output>
          </reporter-output>
        </test-method> <!-- executeLillPulitzerTest -->
      </class> <!-- com.JenkinsSample -->
    </test> <!-- Command line test -->
  </suite> <!-- com.JenkinsSample -->
</testng-results>
