<?xml version="1.0" encoding="UTF-8"?>
<testng-results ignored="0" total="0" passed="0" failed="0" skipped="0">
  <reporter-output>
  </reporter-output>
  <suite started-at="2021-10-11T12:18:10 IST" name="com.SampleTest" finished-at="2021-10-11T12:18:10 IST" duration-ms="8">
    <groups>
    </groups>
    <test started-at="2021-10-11T12:18:10 IST" name="Command line test" finished-at="2021-10-11T12:18:10 IST" duration-ms="8">
    </test> <!-- Command line test -->
  </suite> <!-- com.SampleTest -->
</testng-results>
